TN:
SF:/home/tarun/Documents/MountBlueProjects/08-tarunharsh-microservice-project/mySQL/actors/actorController.js
FN:17,getActors
FN:27,getMovieOption
FN:37,fetchActorDataById
FN:49,getActorById
FN:57,getNewlyAddedActor
FN:68,removeActorById
FN:80,addActor
FN:101,updateActorById
FNF:8
FNH:2
FNDA:1,getActors
FNDA:0,getMovieOption
FNDA:1,fetchActorDataById
FNDA:0,getActorById
FNDA:0,getNewlyAddedActor
FNDA:0,removeActorById
FNDA:0,addActor
FNDA:0,updateActorById
DA:1,1
DA:3,1
DA:6,1
DA:8,1
DA:10,1
DA:13,1
DA:18,1
DA:19,1
DA:20,1
DA:21,1
DA:22,1
DA:24,0
DA:28,0
DA:29,0
DA:30,0
DA:31,0
DA:33,0
DA:38,1
DA:39,1
DA:40,1
DA:41,1
DA:42,1
DA:43,1
DA:45,0
DA:50,0
DA:51,0
DA:52,0
DA:53,0
DA:54,0
DA:55,0
DA:58,0
DA:59,0
DA:60,0
DA:61,0
DA:62,0
DA:64,0
DA:69,0
DA:70,0
DA:71,0
DA:72,0
DA:73,0
DA:74,0
DA:76,0
DA:81,0
DA:82,0
DA:83,0
DA:84,0
DA:91,0
DA:92,0
DA:93,0
DA:94,0
DA:96,0
DA:97,0
DA:102,0
DA:103,0
DA:104,0
DA:105,0
DA:113,0
DA:114,0
DA:115,0
DA:117,0
DA:118,0
DA:119,0
DA:123,1
LF:64
LH:18
BRF:0
BRH:0
end_of_record
TN:
SF:/home/tarun/Documents/MountBlueProjects/08-tarunharsh-microservice-project/mySQL/migrationScripts/sqlScripts/connectDB.js
FN:3,getConnection
FNF:1
FNH:1
FNDA:4,getConnection
DA:1,1
DA:4,4
DA:10,4
DA:13,1
LF:4
LH:4
BRDA:8,0,0,4
BRDA:8,0,1,0
BRF:2
BRH:1
end_of_record
TN:
SF:/home/tarun/Documents/MountBlueProjects/08-tarunharsh-microservice-project/mySQL/movies/movieController.js
FN:16,getMovies
FN:26,getNewlyAddedMovie
FN:37,getMovieById
FN:43,fetchMovieDataById
FN:58,removeMovieById
FN:69,addMovie
FN:88,updateMovieById
FNF:7
FNH:2
FNDA:1,getMovies
FNDA:0,getNewlyAddedMovie
FNDA:0,getMovieById
FNDA:1,fetchMovieDataById
FNDA:0,removeMovieById
FNDA:0,addMovie
FNDA:0,updateMovieById
DA:1,1
DA:3,1
DA:5,1
DA:8,1
DA:10,1
DA:12,1
DA:17,1
DA:18,1
DA:19,1
DA:20,1
DA:21,1
DA:23,0
DA:27,0
DA:28,0
DA:29,0
DA:30,0
DA:31,0
DA:33,0
DA:38,0
DA:39,0
DA:40,0
DA:41,0
DA:44,1
DA:45,1
DA:46,1
DA:47,1
DA:48,1
DA:49,0
DA:53,1
DA:55,0
DA:59,0
DA:60,0
DA:61,0
DA:62,0
DA:63,0
DA:64,0
DA:66,0
DA:70,0
DA:71,0
DA:72,0
DA:81,0
DA:82,0
DA:83,0
DA:85,0
DA:89,0
DA:90,0
DA:91,0
DA:100,0
DA:101,0
DA:102,0
DA:104,0
DA:107,1
LF:52
LH:18
BRDA:48,0,0,0
BRDA:48,0,1,1
BRF:2
BRH:1
end_of_record
TN:
SF:/home/tarun/Documents/MountBlueProjects/08-tarunharsh-microservice-project/mySQL/movies/movieService.js
FN:3,getRating
FNF:1
FNH:0
FNDA:0,getRating
DA:1,1
DA:4,0
DA:12,0
DA:13,0
DA:14,0
DA:16,1
LF:6
LH:2
BRF:0
BRH:0
end_of_record
TN:
SF:/home/tarun/Documents/MountBlueProjects/08-tarunharsh-microservice-project/mySQL/tests/testActor/testActorController.js
FN:6,(anonymous_0)
FN:7,(anonymous_1)
FN:24,(anonymous_2)
FNF:3
FNH:3
FNDA:1,(anonymous_0)
FNDA:1,(anonymous_1)
FNDA:1,(anonymous_2)
DA:2,1
DA:4,1
DA:6,1
DA:7,1
DA:8,1
DA:9,1
DA:10,1
DA:18,1
DA:20,0
DA:24,1
DA:25,1
DA:26,1
DA:27,1
DA:36,1
DA:38,0
LF:15
LH:13
BRF:0
BRH:0
end_of_record
TN:
SF:/home/tarun/Documents/MountBlueProjects/08-tarunharsh-microservice-project/mySQL/tests/testActor/testActorRoutes.js
FN:4,(anonymous_0)
FN:5,(anonymous_1)
FN:12,(anonymous_2)
FNF:3
FNH:3
FNDA:1,(anonymous_0)
FNDA:1,(anonymous_1)
FNDA:1,(anonymous_2)
DA:2,1
DA:4,1
DA:5,1
DA:6,1
DA:12,1
DA:13,1
LF:6
LH:6
BRF:0
BRH:0
end_of_record
TN:
SF:/home/tarun/Documents/MountBlueProjects/08-tarunharsh-microservice-project/mySQL/tests/testMovie/testMoviesController.js
FN:7,(anonymous_0)
FN:8,(anonymous_1)
FN:23,(anonymous_2)
FNF:3
FNH:3
FNDA:1,(anonymous_0)
FNDA:1,(anonymous_1)
FNDA:1,(anonymous_2)
DA:3,1
DA:5,1
DA:7,1
DA:8,1
DA:9,1
DA:10,1
DA:20,1
DA:23,1
DA:24,1
DA:25,1
DA:33,1
LF:11
LH:11
BRF:0
BRH:0
end_of_record
TN:
SF:/home/tarun/Documents/MountBlueProjects/08-tarunharsh-microservice-project/mySQL/tests/testMovie/testMoviesRoutes.js
FN:4,(anonymous_0)
FN:5,(anonymous_1)
FN:12,(anonymous_2)
FN:20,(anonymous_3)
FNF:4
FNH:4
FNDA:1,(anonymous_0)
FNDA:1,(anonymous_1)
FNDA:1,(anonymous_2)
FNDA:1,(anonymous_3)
DA:2,1
DA:4,1
DA:5,1
DA:6,1
DA:12,1
DA:13,1
DA:20,1
DA:21,1
LF:8
LH:8
BRF:0
BRH:0
end_of_record
